[2017-12-18 11:57:29] (ERROR in xPDOConnection::connect @ C:\OSPanel\domains\vesna\core\xpdo\xpdo.class.php : 3083) SQLSTATE[HY000] [1049] Unknown database 'vesna'
[2017-12-18 11:57:29] (ERROR in xPDOConnection::connect @ C:\OSPanel\domains\vesna\core\xpdo\xpdo.class.php : 3083) SQLSTATE[HY000] [1049] Unknown database 'vesna'
[2017-12-18 11:57:29] (ERROR @ C:\OSPanel\domains\vesna\core\xpdo\om\xpdoobject.class.php : 263) Error preparing statement for query: SELECT `modSystemSetting`.`key` AS `modSystemSetting_key`, `modSystemSetting`.`value` AS `modSystemSetting_value`, `modSystemSetting`.`xtype` AS `modSystemSetting_xtype`, `modSystemSetting`.`namespace` AS `modSystemSetting_namespace`, `modSystemSetting`.`area` AS `modSystemSetting_area`, `modSystemSetting`.`editedon` AS `modSystemSetting_editedon` FROM `modx_system_settings` AS `modSystemSetting`  - 
[2017-12-18 11:57:29] (ERROR in xPDOConnection::connect @ C:\OSPanel\domains\vesna\core\xpdo\xpdo.class.php : 3083) SQLSTATE[HY000] [1049] Unknown database 'vesna'
[2017-12-18 11:57:29] (ERROR in xPDOConnection::connect @ C:\OSPanel\domains\vesna\core\xpdo\xpdo.class.php : 3083) SQLSTATE[HY000] [1049] Unknown database 'vesna'
[2017-12-18 11:57:29] (ERROR @ C:\OSPanel\domains\vesna\core\xpdo\om\xpdoobject.class.php : 263) Error preparing statement for query: SELECT `modSystemSetting`.`key` AS `modSystemSetting_key`, `modSystemSetting`.`value` AS `modSystemSetting_value`, `modSystemSetting`.`xtype` AS `modSystemSetting_xtype`, `modSystemSetting`.`namespace` AS `modSystemSetting_namespace`, `modSystemSetting`.`area` AS `modSystemSetting_area`, `modSystemSetting`.`editedon` AS `modSystemSetting_editedon` FROM `modx_system_settings` AS `modSystemSetting`  - 
[2017-12-18 11:57:29] (FATAL) Could not load core MODX configuration!
[2017-12-18 11:57:41] (ERROR in xPDOConnection::connect @ C:\OSPanel\domains\vesna\core\xpdo\xpdo.class.php : 3083) SQLSTATE[HY000] [1049] Unknown database 'vesna'
[2017-12-18 11:57:41] (ERROR in xPDOConnection::connect @ C:\OSPanel\domains\vesna\core\xpdo\xpdo.class.php : 3083) SQLSTATE[HY000] [1049] Unknown database 'vesna'
[2017-12-18 11:57:41] (ERROR @ C:\OSPanel\domains\vesna\core\xpdo\om\xpdoobject.class.php : 263) Error preparing statement for query: SELECT `modSystemSetting`.`key` AS `modSystemSetting_key`, `modSystemSetting`.`value` AS `modSystemSetting_value`, `modSystemSetting`.`xtype` AS `modSystemSetting_xtype`, `modSystemSetting`.`namespace` AS `modSystemSetting_namespace`, `modSystemSetting`.`area` AS `modSystemSetting_area`, `modSystemSetting`.`editedon` AS `modSystemSetting_editedon` FROM `modx_system_settings` AS `modSystemSetting`  - 
[2017-12-18 11:57:41] (ERROR in xPDOConnection::connect @ C:\OSPanel\domains\vesna\core\xpdo\xpdo.class.php : 3083) SQLSTATE[HY000] [1049] Unknown database 'vesna'
[2017-12-18 11:57:41] (ERROR in xPDOConnection::connect @ C:\OSPanel\domains\vesna\core\xpdo\xpdo.class.php : 3083) SQLSTATE[HY000] [1049] Unknown database 'vesna'
[2017-12-18 11:57:41] (ERROR @ C:\OSPanel\domains\vesna\core\xpdo\om\xpdoobject.class.php : 263) Error preparing statement for query: SELECT `modSystemSetting`.`key` AS `modSystemSetting_key`, `modSystemSetting`.`value` AS `modSystemSetting_value`, `modSystemSetting`.`xtype` AS `modSystemSetting_xtype`, `modSystemSetting`.`namespace` AS `modSystemSetting_namespace`, `modSystemSetting`.`area` AS `modSystemSetting_area`, `modSystemSetting`.`editedon` AS `modSystemSetting_editedon` FROM `modx_system_settings` AS `modSystemSetting`  - 
[2017-12-18 11:57:41] (FATAL) Could not load core MODX configuration!
[2017-12-18 11:57:42] (ERROR in xPDOConnection::connect @ C:\OSPanel\domains\vesna\core\xpdo\xpdo.class.php : 3083) SQLSTATE[HY000] [1049] Unknown database 'vesna'
[2017-12-18 11:57:42] (ERROR in xPDOConnection::connect @ C:\OSPanel\domains\vesna\core\xpdo\xpdo.class.php : 3083) SQLSTATE[HY000] [1049] Unknown database 'vesna'
[2017-12-18 11:57:42] (ERROR @ C:\OSPanel\domains\vesna\core\xpdo\om\xpdoobject.class.php : 263) Error preparing statement for query: SELECT `modSystemSetting`.`key` AS `modSystemSetting_key`, `modSystemSetting`.`value` AS `modSystemSetting_value`, `modSystemSetting`.`xtype` AS `modSystemSetting_xtype`, `modSystemSetting`.`namespace` AS `modSystemSetting_namespace`, `modSystemSetting`.`area` AS `modSystemSetting_area`, `modSystemSetting`.`editedon` AS `modSystemSetting_editedon` FROM `modx_system_settings` AS `modSystemSetting`  - 
[2017-12-18 11:57:42] (ERROR in xPDOConnection::connect @ C:\OSPanel\domains\vesna\core\xpdo\xpdo.class.php : 3083) SQLSTATE[HY000] [1049] Unknown database 'vesna'
[2017-12-18 11:57:42] (ERROR in xPDOConnection::connect @ C:\OSPanel\domains\vesna\core\xpdo\xpdo.class.php : 3083) SQLSTATE[HY000] [1049] Unknown database 'vesna'
[2017-12-18 11:57:42] (ERROR @ C:\OSPanel\domains\vesna\core\xpdo\om\xpdoobject.class.php : 263) Error preparing statement for query: SELECT `modSystemSetting`.`key` AS `modSystemSetting_key`, `modSystemSetting`.`value` AS `modSystemSetting_value`, `modSystemSetting`.`xtype` AS `modSystemSetting_xtype`, `modSystemSetting`.`namespace` AS `modSystemSetting_namespace`, `modSystemSetting`.`area` AS `modSystemSetting_area`, `modSystemSetting`.`editedon` AS `modSystemSetting_editedon` FROM `modx_system_settings` AS `modSystemSetting`  - 
[2017-12-18 11:57:42] (FATAL) Could not load core MODX configuration!
[2017-12-18 11:57:43] (ERROR in xPDOConnection::connect @ C:\OSPanel\domains\vesna\core\xpdo\xpdo.class.php : 3083) SQLSTATE[HY000] [1049] Unknown database 'vesna'
[2017-12-18 11:57:43] (ERROR in xPDOConnection::connect @ C:\OSPanel\domains\vesna\core\xpdo\xpdo.class.php : 3083) SQLSTATE[HY000] [1049] Unknown database 'vesna'
[2017-12-18 11:57:43] (ERROR @ C:\OSPanel\domains\vesna\core\xpdo\om\xpdoobject.class.php : 263) Error preparing statement for query: SELECT `modSystemSetting`.`key` AS `modSystemSetting_key`, `modSystemSetting`.`value` AS `modSystemSetting_value`, `modSystemSetting`.`xtype` AS `modSystemSetting_xtype`, `modSystemSetting`.`namespace` AS `modSystemSetting_namespace`, `modSystemSetting`.`area` AS `modSystemSetting_area`, `modSystemSetting`.`editedon` AS `modSystemSetting_editedon` FROM `modx_system_settings` AS `modSystemSetting`  - 
[2017-12-18 11:57:44] (ERROR in xPDOConnection::connect @ C:\OSPanel\domains\vesna\core\xpdo\xpdo.class.php : 3083) SQLSTATE[HY000] [1049] Unknown database 'vesna'
[2017-12-18 11:57:44] (ERROR in xPDOConnection::connect @ C:\OSPanel\domains\vesna\core\xpdo\xpdo.class.php : 3083) SQLSTATE[HY000] [1049] Unknown database 'vesna'
[2017-12-18 11:57:44] (ERROR @ C:\OSPanel\domains\vesna\core\xpdo\om\xpdoobject.class.php : 263) Error preparing statement for query: SELECT `modSystemSetting`.`key` AS `modSystemSetting_key`, `modSystemSetting`.`value` AS `modSystemSetting_value`, `modSystemSetting`.`xtype` AS `modSystemSetting_xtype`, `modSystemSetting`.`namespace` AS `modSystemSetting_namespace`, `modSystemSetting`.`area` AS `modSystemSetting_area`, `modSystemSetting`.`editedon` AS `modSystemSetting_editedon` FROM `modx_system_settings` AS `modSystemSetting`  - 
[2017-12-18 11:57:44] (FATAL) Could not load core MODX configuration!
[2017-12-18 11:58:25] (ERROR in xPDOConnection::connect @ C:\OSPanel\domains\vesna\core\xpdo\xpdo.class.php : 3083) SQLSTATE[HY000] [1049] Unknown database 'vesna'
[2017-12-18 11:58:25] (ERROR in xPDOConnection::connect @ C:\OSPanel\domains\vesna\core\xpdo\xpdo.class.php : 3083) SQLSTATE[HY000] [1049] Unknown database 'vesna'
[2017-12-18 11:58:25] (ERROR @ C:\OSPanel\domains\vesna\core\xpdo\om\xpdoobject.class.php : 263) Error preparing statement for query: SELECT `modSystemSetting`.`key` AS `modSystemSetting_key`, `modSystemSetting`.`value` AS `modSystemSetting_value`, `modSystemSetting`.`xtype` AS `modSystemSetting_xtype`, `modSystemSetting`.`namespace` AS `modSystemSetting_namespace`, `modSystemSetting`.`area` AS `modSystemSetting_area`, `modSystemSetting`.`editedon` AS `modSystemSetting_editedon` FROM `modx_system_settings` AS `modSystemSetting`  - 
[2017-12-18 11:58:25] (ERROR in xPDOConnection::connect @ C:\OSPanel\domains\vesna\core\xpdo\xpdo.class.php : 3083) SQLSTATE[HY000] [1049] Unknown database 'vesna'
[2017-12-18 11:58:25] (ERROR in xPDOConnection::connect @ C:\OSPanel\domains\vesna\core\xpdo\xpdo.class.php : 3083) SQLSTATE[HY000] [1049] Unknown database 'vesna'
[2017-12-18 11:58:25] (ERROR @ C:\OSPanel\domains\vesna\core\xpdo\om\xpdoobject.class.php : 263) Error preparing statement for query: SELECT `modSystemSetting`.`key` AS `modSystemSetting_key`, `modSystemSetting`.`value` AS `modSystemSetting_value`, `modSystemSetting`.`xtype` AS `modSystemSetting_xtype`, `modSystemSetting`.`namespace` AS `modSystemSetting_namespace`, `modSystemSetting`.`area` AS `modSystemSetting_area`, `modSystemSetting`.`editedon` AS `modSystemSetting_editedon` FROM `modx_system_settings` AS `modSystemSetting`  - 
[2017-12-18 11:58:25] (FATAL) Could not load core MODX configuration!
[2017-12-18 11:58:30] (ERROR in xPDOConnection::connect @ C:\OSPanel\domains\vesna\core\xpdo\xpdo.class.php : 3083) SQLSTATE[HY000] [1049] Unknown database 'vesna'
[2017-12-18 11:58:30] (ERROR in xPDOConnection::connect @ C:\OSPanel\domains\vesna\core\xpdo\xpdo.class.php : 3083) SQLSTATE[HY000] [1049] Unknown database 'vesna'
[2017-12-18 11:58:30] (ERROR @ C:\OSPanel\domains\vesna\core\xpdo\om\xpdoobject.class.php : 263) Error preparing statement for query: SELECT `modSystemSetting`.`key` AS `modSystemSetting_key`, `modSystemSetting`.`value` AS `modSystemSetting_value`, `modSystemSetting`.`xtype` AS `modSystemSetting_xtype`, `modSystemSetting`.`namespace` AS `modSystemSetting_namespace`, `modSystemSetting`.`area` AS `modSystemSetting_area`, `modSystemSetting`.`editedon` AS `modSystemSetting_editedon` FROM `modx_system_settings` AS `modSystemSetting`  - 
[2017-12-18 11:58:30] (ERROR in xPDOConnection::connect @ C:\OSPanel\domains\vesna\core\xpdo\xpdo.class.php : 3083) SQLSTATE[HY000] [1049] Unknown database 'vesna'
[2017-12-18 11:58:30] (ERROR in xPDOConnection::connect @ C:\OSPanel\domains\vesna\core\xpdo\xpdo.class.php : 3083) SQLSTATE[HY000] [1049] Unknown database 'vesna'
[2017-12-18 11:58:30] (ERROR @ C:\OSPanel\domains\vesna\core\xpdo\om\xpdoobject.class.php : 263) Error preparing statement for query: SELECT `modSystemSetting`.`key` AS `modSystemSetting_key`, `modSystemSetting`.`value` AS `modSystemSetting_value`, `modSystemSetting`.`xtype` AS `modSystemSetting_xtype`, `modSystemSetting`.`namespace` AS `modSystemSetting_namespace`, `modSystemSetting`.`area` AS `modSystemSetting_area`, `modSystemSetting`.`editedon` AS `modSystemSetting_editedon` FROM `modx_system_settings` AS `modSystemSetting`  - 
[2017-12-18 11:58:30] (FATAL) Could not load core MODX configuration!
[2017-12-18 11:59:18] (ERROR in xPDOConnection::connect @ C:\OSPanel\domains\vesna\core\xpdo\xpdo.class.php : 3083) SQLSTATE[HY000] [1049] Unknown database 'vesna'
[2017-12-18 11:59:18] (ERROR in xPDOConnection::connect @ C:\OSPanel\domains\vesna\core\xpdo\xpdo.class.php : 3083) SQLSTATE[HY000] [1049] Unknown database 'vesna'
[2017-12-18 11:59:18] (ERROR @ C:\OSPanel\domains\vesna\core\xpdo\om\xpdoobject.class.php : 263) Error preparing statement for query: SELECT `modSystemSetting`.`key` AS `modSystemSetting_key`, `modSystemSetting`.`value` AS `modSystemSetting_value`, `modSystemSetting`.`xtype` AS `modSystemSetting_xtype`, `modSystemSetting`.`namespace` AS `modSystemSetting_namespace`, `modSystemSetting`.`area` AS `modSystemSetting_area`, `modSystemSetting`.`editedon` AS `modSystemSetting_editedon` FROM `modx_system_settings` AS `modSystemSetting`  - 
[2017-12-18 11:59:18] (ERROR in xPDOConnection::connect @ C:\OSPanel\domains\vesna\core\xpdo\xpdo.class.php : 3083) SQLSTATE[HY000] [1049] Unknown database 'vesna'
[2017-12-18 11:59:18] (ERROR in xPDOConnection::connect @ C:\OSPanel\domains\vesna\core\xpdo\xpdo.class.php : 3083) SQLSTATE[HY000] [1049] Unknown database 'vesna'
[2017-12-18 11:59:18] (ERROR @ C:\OSPanel\domains\vesna\core\xpdo\om\xpdoobject.class.php : 263) Error preparing statement for query: SELECT `modSystemSetting`.`key` AS `modSystemSetting_key`, `modSystemSetting`.`value` AS `modSystemSetting_value`, `modSystemSetting`.`xtype` AS `modSystemSetting_xtype`, `modSystemSetting`.`namespace` AS `modSystemSetting_namespace`, `modSystemSetting`.`area` AS `modSystemSetting_area`, `modSystemSetting`.`editedon` AS `modSystemSetting_editedon` FROM `modx_system_settings` AS `modSystemSetting`  - 
[2017-12-18 11:59:18] (FATAL) Could not load core MODX configuration!
[2017-12-18 12:00:23] (ERROR in xPDOConnection::connect @ C:\OSPanel\domains\vesna\core\xpdo\xpdo.class.php : 3083) SQLSTATE[HY000] [1049] Unknown database 'vesna'
[2017-12-18 12:00:23] (ERROR in xPDOConnection::connect @ C:\OSPanel\domains\vesna\core\xpdo\xpdo.class.php : 3083) SQLSTATE[HY000] [1049] Unknown database 'vesna'
[2017-12-18 12:00:23] (ERROR @ C:\OSPanel\domains\vesna\core\xpdo\om\xpdoobject.class.php : 263) Error preparing statement for query: SELECT `modSystemSetting`.`key` AS `modSystemSetting_key`, `modSystemSetting`.`value` AS `modSystemSetting_value`, `modSystemSetting`.`xtype` AS `modSystemSetting_xtype`, `modSystemSetting`.`namespace` AS `modSystemSetting_namespace`, `modSystemSetting`.`area` AS `modSystemSetting_area`, `modSystemSetting`.`editedon` AS `modSystemSetting_editedon` FROM `modx_system_settings` AS `modSystemSetting`  - 
[2017-12-18 12:00:23] (ERROR in xPDOConnection::connect @ C:\OSPanel\domains\vesna\core\xpdo\xpdo.class.php : 3083) SQLSTATE[HY000] [1049] Unknown database 'vesna'
[2017-12-18 12:00:23] (ERROR in xPDOConnection::connect @ C:\OSPanel\domains\vesna\core\xpdo\xpdo.class.php : 3083) SQLSTATE[HY000] [1049] Unknown database 'vesna'
[2017-12-18 12:00:23] (ERROR @ C:\OSPanel\domains\vesna\core\xpdo\om\xpdoobject.class.php : 263) Error preparing statement for query: SELECT `modSystemSetting`.`key` AS `modSystemSetting_key`, `modSystemSetting`.`value` AS `modSystemSetting_value`, `modSystemSetting`.`xtype` AS `modSystemSetting_xtype`, `modSystemSetting`.`namespace` AS `modSystemSetting_namespace`, `modSystemSetting`.`area` AS `modSystemSetting_area`, `modSystemSetting`.`editedon` AS `modSystemSetting_editedon` FROM `modx_system_settings` AS `modSystemSetting`  - 
[2017-12-18 12:00:23] (FATAL) Could not load core MODX configuration!
[2017-12-18 12:00:23] (ERROR in xPDOConnection::connect @ C:\OSPanel\domains\vesna\core\xpdo\xpdo.class.php : 3083) SQLSTATE[HY000] [1049] Unknown database 'vesna'
[2017-12-18 12:00:23] (ERROR in xPDOConnection::connect @ C:\OSPanel\domains\vesna\core\xpdo\xpdo.class.php : 3083) SQLSTATE[HY000] [1049] Unknown database 'vesna'
[2017-12-18 12:00:23] (ERROR @ C:\OSPanel\domains\vesna\core\xpdo\om\xpdoobject.class.php : 263) Error preparing statement for query: SELECT `modSystemSetting`.`key` AS `modSystemSetting_key`, `modSystemSetting`.`value` AS `modSystemSetting_value`, `modSystemSetting`.`xtype` AS `modSystemSetting_xtype`, `modSystemSetting`.`namespace` AS `modSystemSetting_namespace`, `modSystemSetting`.`area` AS `modSystemSetting_area`, `modSystemSetting`.`editedon` AS `modSystemSetting_editedon` FROM `modx_system_settings` AS `modSystemSetting`  - 
[2017-12-18 12:00:23] (ERROR in xPDOConnection::connect @ C:\OSPanel\domains\vesna\core\xpdo\xpdo.class.php : 3083) SQLSTATE[HY000] [1049] Unknown database 'vesna'
[2017-12-18 12:00:23] (ERROR in xPDOConnection::connect @ C:\OSPanel\domains\vesna\core\xpdo\xpdo.class.php : 3083) SQLSTATE[HY000] [1049] Unknown database 'vesna'
[2017-12-18 12:00:23] (ERROR @ C:\OSPanel\domains\vesna\core\xpdo\om\xpdoobject.class.php : 263) Error preparing statement for query: SELECT `modSystemSetting`.`key` AS `modSystemSetting_key`, `modSystemSetting`.`value` AS `modSystemSetting_value`, `modSystemSetting`.`xtype` AS `modSystemSetting_xtype`, `modSystemSetting`.`namespace` AS `modSystemSetting_namespace`, `modSystemSetting`.`area` AS `modSystemSetting_area`, `modSystemSetting`.`editedon` AS `modSystemSetting_editedon` FROM `modx_system_settings` AS `modSystemSetting`  - 
[2017-12-18 12:00:23] (FATAL) Could not load core MODX configuration!
[2017-12-18 12:00:24] (ERROR in xPDOConnection::connect @ C:\OSPanel\domains\vesna\core\xpdo\xpdo.class.php : 3083) SQLSTATE[HY000] [1049] Unknown database 'vesna'
[2017-12-18 12:00:24] (ERROR in xPDOConnection::connect @ C:\OSPanel\domains\vesna\core\xpdo\xpdo.class.php : 3083) SQLSTATE[HY000] [1049] Unknown database 'vesna'
[2017-12-18 12:00:24] (ERROR @ C:\OSPanel\domains\vesna\core\xpdo\om\xpdoobject.class.php : 263) Error preparing statement for query: SELECT `modSystemSetting`.`key` AS `modSystemSetting_key`, `modSystemSetting`.`value` AS `modSystemSetting_value`, `modSystemSetting`.`xtype` AS `modSystemSetting_xtype`, `modSystemSetting`.`namespace` AS `modSystemSetting_namespace`, `modSystemSetting`.`area` AS `modSystemSetting_area`, `modSystemSetting`.`editedon` AS `modSystemSetting_editedon` FROM `modx_system_settings` AS `modSystemSetting`  - 
[2017-12-18 12:00:24] (ERROR in xPDOConnection::connect @ C:\OSPanel\domains\vesna\core\xpdo\xpdo.class.php : 3083) SQLSTATE[HY000] [1049] Unknown database 'vesna'
[2017-12-18 12:00:24] (ERROR in xPDOConnection::connect @ C:\OSPanel\domains\vesna\core\xpdo\xpdo.class.php : 3083) SQLSTATE[HY000] [1049] Unknown database 'vesna'
[2017-12-18 12:00:24] (ERROR @ C:\OSPanel\domains\vesna\core\xpdo\om\xpdoobject.class.php : 263) Error preparing statement for query: SELECT `modSystemSetting`.`key` AS `modSystemSetting_key`, `modSystemSetting`.`value` AS `modSystemSetting_value`, `modSystemSetting`.`xtype` AS `modSystemSetting_xtype`, `modSystemSetting`.`namespace` AS `modSystemSetting_namespace`, `modSystemSetting`.`area` AS `modSystemSetting_area`, `modSystemSetting`.`editedon` AS `modSystemSetting_editedon` FROM `modx_system_settings` AS `modSystemSetting`  - 
[2017-12-18 12:00:24] (FATAL) Could not load core MODX configuration!
[2017-12-18 12:00:24] (ERROR in xPDOConnection::connect @ C:\OSPanel\domains\vesna\core\xpdo\xpdo.class.php : 3083) SQLSTATE[HY000] [1049] Unknown database 'vesna'
[2017-12-18 12:00:24] (ERROR in xPDOConnection::connect @ C:\OSPanel\domains\vesna\core\xpdo\xpdo.class.php : 3083) SQLSTATE[HY000] [1049] Unknown database 'vesna'
[2017-12-18 12:00:24] (ERROR @ C:\OSPanel\domains\vesna\core\xpdo\om\xpdoobject.class.php : 263) Error preparing statement for query: SELECT `modSystemSetting`.`key` AS `modSystemSetting_key`, `modSystemSetting`.`value` AS `modSystemSetting_value`, `modSystemSetting`.`xtype` AS `modSystemSetting_xtype`, `modSystemSetting`.`namespace` AS `modSystemSetting_namespace`, `modSystemSetting`.`area` AS `modSystemSetting_area`, `modSystemSetting`.`editedon` AS `modSystemSetting_editedon` FROM `modx_system_settings` AS `modSystemSetting`  - 
[2017-12-18 12:00:24] (ERROR in xPDOConnection::connect @ C:\OSPanel\domains\vesna\core\xpdo\xpdo.class.php : 3083) SQLSTATE[HY000] [1049] Unknown database 'vesna'
[2017-12-18 12:00:24] (ERROR in xPDOConnection::connect @ C:\OSPanel\domains\vesna\core\xpdo\xpdo.class.php : 3083) SQLSTATE[HY000] [1049] Unknown database 'vesna'
[2017-12-18 12:00:24] (ERROR @ C:\OSPanel\domains\vesna\core\xpdo\om\xpdoobject.class.php : 263) Error preparing statement for query: SELECT `modSystemSetting`.`key` AS `modSystemSetting_key`, `modSystemSetting`.`value` AS `modSystemSetting_value`, `modSystemSetting`.`xtype` AS `modSystemSetting_xtype`, `modSystemSetting`.`namespace` AS `modSystemSetting_namespace`, `modSystemSetting`.`area` AS `modSystemSetting_area`, `modSystemSetting`.`editedon` AS `modSystemSetting_editedon` FROM `modx_system_settings` AS `modSystemSetting`  - 
[2017-12-18 12:00:24] (FATAL) Could not load core MODX configuration!
[2017-12-18 12:00:24] (ERROR in xPDOConnection::connect @ C:\OSPanel\domains\vesna\core\xpdo\xpdo.class.php : 3083) SQLSTATE[HY000] [1049] Unknown database 'vesna'
[2017-12-18 12:00:24] (ERROR in xPDOConnection::connect @ C:\OSPanel\domains\vesna\core\xpdo\xpdo.class.php : 3083) SQLSTATE[HY000] [1049] Unknown database 'vesna'
[2017-12-18 12:00:24] (ERROR @ C:\OSPanel\domains\vesna\core\xpdo\om\xpdoobject.class.php : 263) Error preparing statement for query: SELECT `modSystemSetting`.`key` AS `modSystemSetting_key`, `modSystemSetting`.`value` AS `modSystemSetting_value`, `modSystemSetting`.`xtype` AS `modSystemSetting_xtype`, `modSystemSetting`.`namespace` AS `modSystemSetting_namespace`, `modSystemSetting`.`area` AS `modSystemSetting_area`, `modSystemSetting`.`editedon` AS `modSystemSetting_editedon` FROM `modx_system_settings` AS `modSystemSetting`  - 
[2017-12-18 12:00:24] (ERROR in xPDOConnection::connect @ C:\OSPanel\domains\vesna\core\xpdo\xpdo.class.php : 3083) SQLSTATE[HY000] [1049] Unknown database 'vesna'
[2017-12-18 12:00:24] (ERROR in xPDOConnection::connect @ C:\OSPanel\domains\vesna\core\xpdo\xpdo.class.php : 3083) SQLSTATE[HY000] [1049] Unknown database 'vesna'
[2017-12-18 12:00:24] (ERROR @ C:\OSPanel\domains\vesna\core\xpdo\om\xpdoobject.class.php : 263) Error preparing statement for query: SELECT `modSystemSetting`.`key` AS `modSystemSetting_key`, `modSystemSetting`.`value` AS `modSystemSetting_value`, `modSystemSetting`.`xtype` AS `modSystemSetting_xtype`, `modSystemSetting`.`namespace` AS `modSystemSetting_namespace`, `modSystemSetting`.`area` AS `modSystemSetting_area`, `modSystemSetting`.`editedon` AS `modSystemSetting_editedon` FROM `modx_system_settings` AS `modSystemSetting`  - 
[2017-12-18 12:00:24] (FATAL) Could not load core MODX configuration!
[2017-12-18 12:00:49] (ERROR in xPDOConnection::connect @ C:\OSPanel\domains\vesna\core\xpdo\xpdo.class.php : 3083) SQLSTATE[HY000] [1049] Unknown database 'vesna'
[2017-12-18 12:00:49] (ERROR in xPDOConnection::connect @ C:\OSPanel\domains\vesna\core\xpdo\xpdo.class.php : 3083) SQLSTATE[HY000] [1049] Unknown database 'vesna'
[2017-12-18 12:00:49] (ERROR @ C:\OSPanel\domains\vesna\core\xpdo\om\xpdoobject.class.php : 263) Error preparing statement for query: SELECT `modSystemSetting`.`key` AS `modSystemSetting_key`, `modSystemSetting`.`value` AS `modSystemSetting_value`, `modSystemSetting`.`xtype` AS `modSystemSetting_xtype`, `modSystemSetting`.`namespace` AS `modSystemSetting_namespace`, `modSystemSetting`.`area` AS `modSystemSetting_area`, `modSystemSetting`.`editedon` AS `modSystemSetting_editedon` FROM `modx_system_settings` AS `modSystemSetting`  - 
[2017-12-18 12:00:49] (ERROR in xPDOConnection::connect @ C:\OSPanel\domains\vesna\core\xpdo\xpdo.class.php : 3083) SQLSTATE[HY000] [1049] Unknown database 'vesna'
[2017-12-18 12:00:49] (ERROR in xPDOConnection::connect @ C:\OSPanel\domains\vesna\core\xpdo\xpdo.class.php : 3083) SQLSTATE[HY000] [1049] Unknown database 'vesna'
[2017-12-18 12:00:49] (ERROR @ C:\OSPanel\domains\vesna\core\xpdo\om\xpdoobject.class.php : 263) Error preparing statement for query: SELECT `modSystemSetting`.`key` AS `modSystemSetting_key`, `modSystemSetting`.`value` AS `modSystemSetting_value`, `modSystemSetting`.`xtype` AS `modSystemSetting_xtype`, `modSystemSetting`.`namespace` AS `modSystemSetting_namespace`, `modSystemSetting`.`area` AS `modSystemSetting_area`, `modSystemSetting`.`editedon` AS `modSystemSetting_editedon` FROM `modx_system_settings` AS `modSystemSetting`  - 
[2017-12-18 12:00:49] (FATAL) Could not load core MODX configuration!
[2017-12-18 12:04:25] (ERROR in xPDOConnection::connect @ C:\OSPanel\domains\vesna\core\xpdo\xpdo.class.php : 3083) SQLSTATE[HY000] [1049] Unknown database 'vesna'
[2017-12-18 12:04:25] (ERROR in xPDOConnection::connect @ C:\OSPanel\domains\vesna\core\xpdo\xpdo.class.php : 3083) SQLSTATE[HY000] [1049] Unknown database 'vesna'
[2017-12-18 12:04:25] (ERROR @ C:\OSPanel\domains\vesna\core\xpdo\om\xpdoobject.class.php : 263) Error preparing statement for query: SELECT `modSystemSetting`.`key` AS `modSystemSetting_key`, `modSystemSetting`.`value` AS `modSystemSetting_value`, `modSystemSetting`.`xtype` AS `modSystemSetting_xtype`, `modSystemSetting`.`namespace` AS `modSystemSetting_namespace`, `modSystemSetting`.`area` AS `modSystemSetting_area`, `modSystemSetting`.`editedon` AS `modSystemSetting_editedon` FROM `modx_system_settings` AS `modSystemSetting`  - 
[2017-12-18 12:04:25] (ERROR in xPDOConnection::connect @ C:\OSPanel\domains\vesna\core\xpdo\xpdo.class.php : 3083) SQLSTATE[HY000] [1049] Unknown database 'vesna'
[2017-12-18 12:04:25] (ERROR in xPDOConnection::connect @ C:\OSPanel\domains\vesna\core\xpdo\xpdo.class.php : 3083) SQLSTATE[HY000] [1049] Unknown database 'vesna'
[2017-12-18 12:04:25] (ERROR @ C:\OSPanel\domains\vesna\core\xpdo\om\xpdoobject.class.php : 263) Error preparing statement for query: SELECT `modSystemSetting`.`key` AS `modSystemSetting_key`, `modSystemSetting`.`value` AS `modSystemSetting_value`, `modSystemSetting`.`xtype` AS `modSystemSetting_xtype`, `modSystemSetting`.`namespace` AS `modSystemSetting_namespace`, `modSystemSetting`.`area` AS `modSystemSetting_area`, `modSystemSetting`.`editedon` AS `modSystemSetting_editedon` FROM `modx_system_settings` AS `modSystemSetting`  - 
[2017-12-18 12:04:25] (FATAL) Could not load core MODX configuration!
[2017-12-18 12:04:26] (ERROR in xPDOConnection::connect @ C:\OSPanel\domains\vesna\core\xpdo\xpdo.class.php : 3083) SQLSTATE[HY000] [1049] Unknown database 'vesna'
[2017-12-18 12:04:27] (ERROR in xPDOConnection::connect @ C:\OSPanel\domains\vesna\core\xpdo\xpdo.class.php : 3083) SQLSTATE[HY000] [1049] Unknown database 'vesna'
[2017-12-18 12:04:27] (ERROR @ C:\OSPanel\domains\vesna\core\xpdo\om\xpdoobject.class.php : 263) Error preparing statement for query: SELECT `modSystemSetting`.`key` AS `modSystemSetting_key`, `modSystemSetting`.`value` AS `modSystemSetting_value`, `modSystemSetting`.`xtype` AS `modSystemSetting_xtype`, `modSystemSetting`.`namespace` AS `modSystemSetting_namespace`, `modSystemSetting`.`area` AS `modSystemSetting_area`, `modSystemSetting`.`editedon` AS `modSystemSetting_editedon` FROM `modx_system_settings` AS `modSystemSetting`  - 
[2017-12-18 12:04:27] (ERROR in xPDOConnection::connect @ C:\OSPanel\domains\vesna\core\xpdo\xpdo.class.php : 3083) SQLSTATE[HY000] [1049] Unknown database 'vesna'
[2017-12-18 12:04:27] (ERROR in xPDOConnection::connect @ C:\OSPanel\domains\vesna\core\xpdo\xpdo.class.php : 3083) SQLSTATE[HY000] [1049] Unknown database 'vesna'
[2017-12-18 12:04:27] (ERROR @ C:\OSPanel\domains\vesna\core\xpdo\om\xpdoobject.class.php : 263) Error preparing statement for query: SELECT `modSystemSetting`.`key` AS `modSystemSetting_key`, `modSystemSetting`.`value` AS `modSystemSetting_value`, `modSystemSetting`.`xtype` AS `modSystemSetting_xtype`, `modSystemSetting`.`namespace` AS `modSystemSetting_namespace`, `modSystemSetting`.`area` AS `modSystemSetting_area`, `modSystemSetting`.`editedon` AS `modSystemSetting_editedon` FROM `modx_system_settings` AS `modSystemSetting`  - 
[2017-12-18 12:04:27] (FATAL) Could not load core MODX configuration!
[2017-12-18 12:04:28] (ERROR in xPDOConnection::connect @ C:\OSPanel\domains\vesna\core\xpdo\xpdo.class.php : 3083) SQLSTATE[HY000] [1049] Unknown database 'vesna'
[2017-12-18 12:04:28] (ERROR in xPDOConnection::connect @ C:\OSPanel\domains\vesna\core\xpdo\xpdo.class.php : 3083) SQLSTATE[HY000] [1049] Unknown database 'vesna'
[2017-12-18 12:04:28] (ERROR @ C:\OSPanel\domains\vesna\core\xpdo\om\xpdoobject.class.php : 263) Error preparing statement for query: SELECT `modSystemSetting`.`key` AS `modSystemSetting_key`, `modSystemSetting`.`value` AS `modSystemSetting_value`, `modSystemSetting`.`xtype` AS `modSystemSetting_xtype`, `modSystemSetting`.`namespace` AS `modSystemSetting_namespace`, `modSystemSetting`.`area` AS `modSystemSetting_area`, `modSystemSetting`.`editedon` AS `modSystemSetting_editedon` FROM `modx_system_settings` AS `modSystemSetting`  - 
[2017-12-18 12:04:28] (ERROR in xPDOConnection::connect @ C:\OSPanel\domains\vesna\core\xpdo\xpdo.class.php : 3083) SQLSTATE[HY000] [1049] Unknown database 'vesna'
[2017-12-18 12:04:28] (ERROR in xPDOConnection::connect @ C:\OSPanel\domains\vesna\core\xpdo\xpdo.class.php : 3083) SQLSTATE[HY000] [1049] Unknown database 'vesna'
[2017-12-18 12:04:28] (ERROR @ C:\OSPanel\domains\vesna\core\xpdo\om\xpdoobject.class.php : 263) Error preparing statement for query: SELECT `modSystemSetting`.`key` AS `modSystemSetting_key`, `modSystemSetting`.`value` AS `modSystemSetting_value`, `modSystemSetting`.`xtype` AS `modSystemSetting_xtype`, `modSystemSetting`.`namespace` AS `modSystemSetting_namespace`, `modSystemSetting`.`area` AS `modSystemSetting_area`, `modSystemSetting`.`editedon` AS `modSystemSetting_editedon` FROM `modx_system_settings` AS `modSystemSetting`  - 
[2017-12-18 12:04:28] (FATAL) Could not load core MODX configuration!
[2017-12-18 12:06:12] (ERROR in xPDOConnection::connect @ C:\OSPanel\domains\vesna\core\xpdo\xpdo.class.php : 3083) SQLSTATE[HY000] [1049] Unknown database 'vesna'
[2017-12-18 12:06:12] (ERROR in xPDOConnection::connect @ C:\OSPanel\domains\vesna\core\xpdo\xpdo.class.php : 3083) SQLSTATE[HY000] [1049] Unknown database 'vesna'
[2017-12-18 12:06:12] (ERROR @ C:\OSPanel\domains\vesna\core\xpdo\om\xpdoobject.class.php : 263) Error preparing statement for query: SELECT `modSystemSetting`.`key` AS `modSystemSetting_key`, `modSystemSetting`.`value` AS `modSystemSetting_value`, `modSystemSetting`.`xtype` AS `modSystemSetting_xtype`, `modSystemSetting`.`namespace` AS `modSystemSetting_namespace`, `modSystemSetting`.`area` AS `modSystemSetting_area`, `modSystemSetting`.`editedon` AS `modSystemSetting_editedon` FROM `modx_system_settings` AS `modSystemSetting`  - 
[2017-12-18 12:06:12] (ERROR in xPDOConnection::connect @ C:\OSPanel\domains\vesna\core\xpdo\xpdo.class.php : 3083) SQLSTATE[HY000] [1049] Unknown database 'vesna'
[2017-12-18 12:06:12] (ERROR in xPDOConnection::connect @ C:\OSPanel\domains\vesna\core\xpdo\xpdo.class.php : 3083) SQLSTATE[HY000] [1049] Unknown database 'vesna'
[2017-12-18 12:06:12] (ERROR @ C:\OSPanel\domains\vesna\core\xpdo\om\xpdoobject.class.php : 263) Error preparing statement for query: SELECT `modSystemSetting`.`key` AS `modSystemSetting_key`, `modSystemSetting`.`value` AS `modSystemSetting_value`, `modSystemSetting`.`xtype` AS `modSystemSetting_xtype`, `modSystemSetting`.`namespace` AS `modSystemSetting_namespace`, `modSystemSetting`.`area` AS `modSystemSetting_area`, `modSystemSetting`.`editedon` AS `modSystemSetting_editedon` FROM `modx_system_settings` AS `modSystemSetting`  - 
[2017-12-18 12:06:12] (FATAL) Could not load core MODX configuration!
[2017-12-18 12:06:28] (ERROR in xPDOConnection::connect @ C:\OSPanel\domains\vesna\core\xpdo\xpdo.class.php : 3083) SQLSTATE[HY000] [1049] Unknown database 'vesna'
[2017-12-18 12:06:28] (ERROR in xPDOConnection::connect @ C:\OSPanel\domains\vesna\core\xpdo\xpdo.class.php : 3083) SQLSTATE[HY000] [1049] Unknown database 'vesna'
[2017-12-18 12:06:28] (ERROR @ C:\OSPanel\domains\vesna\core\xpdo\om\xpdoobject.class.php : 263) Error preparing statement for query: SELECT `modSystemSetting`.`key` AS `modSystemSetting_key`, `modSystemSetting`.`value` AS `modSystemSetting_value`, `modSystemSetting`.`xtype` AS `modSystemSetting_xtype`, `modSystemSetting`.`namespace` AS `modSystemSetting_namespace`, `modSystemSetting`.`area` AS `modSystemSetting_area`, `modSystemSetting`.`editedon` AS `modSystemSetting_editedon` FROM `modx_system_settings` AS `modSystemSetting`  - 
[2017-12-18 12:06:28] (ERROR in xPDOConnection::connect @ C:\OSPanel\domains\vesna\core\xpdo\xpdo.class.php : 3083) SQLSTATE[HY000] [1049] Unknown database 'vesna'
[2017-12-18 12:06:28] (ERROR in xPDOConnection::connect @ C:\OSPanel\domains\vesna\core\xpdo\xpdo.class.php : 3083) SQLSTATE[HY000] [1049] Unknown database 'vesna'
[2017-12-18 12:06:28] (ERROR @ C:\OSPanel\domains\vesna\core\xpdo\om\xpdoobject.class.php : 263) Error preparing statement for query: SELECT `modSystemSetting`.`key` AS `modSystemSetting_key`, `modSystemSetting`.`value` AS `modSystemSetting_value`, `modSystemSetting`.`xtype` AS `modSystemSetting_xtype`, `modSystemSetting`.`namespace` AS `modSystemSetting_namespace`, `modSystemSetting`.`area` AS `modSystemSetting_area`, `modSystemSetting`.`editedon` AS `modSystemSetting_editedon` FROM `modx_system_settings` AS `modSystemSetting`  - 
[2017-12-18 12:06:28] (FATAL) Could not load core MODX configuration!
[2017-12-18 12:06:33] (ERROR in xPDOConnection::connect @ C:\OSPanel\domains\vesna\core\xpdo\xpdo.class.php : 3083) SQLSTATE[HY000] [1049] Unknown database 'vesna'
[2017-12-18 12:06:33] (ERROR in xPDOConnection::connect @ C:\OSPanel\domains\vesna\core\xpdo\xpdo.class.php : 3083) SQLSTATE[HY000] [1049] Unknown database 'vesna'
[2017-12-18 12:06:33] (ERROR @ C:\OSPanel\domains\vesna\core\xpdo\om\xpdoobject.class.php : 263) Error preparing statement for query: SELECT `modSystemSetting`.`key` AS `modSystemSetting_key`, `modSystemSetting`.`value` AS `modSystemSetting_value`, `modSystemSetting`.`xtype` AS `modSystemSetting_xtype`, `modSystemSetting`.`namespace` AS `modSystemSetting_namespace`, `modSystemSetting`.`area` AS `modSystemSetting_area`, `modSystemSetting`.`editedon` AS `modSystemSetting_editedon` FROM `modx_system_settings` AS `modSystemSetting`  - 
[2017-12-18 12:06:33] (ERROR in xPDOConnection::connect @ C:\OSPanel\domains\vesna\core\xpdo\xpdo.class.php : 3083) SQLSTATE[HY000] [1049] Unknown database 'vesna'
[2017-12-18 12:06:33] (ERROR in xPDOConnection::connect @ C:\OSPanel\domains\vesna\core\xpdo\xpdo.class.php : 3083) SQLSTATE[HY000] [1049] Unknown database 'vesna'
[2017-12-18 12:06:33] (ERROR @ C:\OSPanel\domains\vesna\core\xpdo\om\xpdoobject.class.php : 263) Error preparing statement for query: SELECT `modSystemSetting`.`key` AS `modSystemSetting_key`, `modSystemSetting`.`value` AS `modSystemSetting_value`, `modSystemSetting`.`xtype` AS `modSystemSetting_xtype`, `modSystemSetting`.`namespace` AS `modSystemSetting_namespace`, `modSystemSetting`.`area` AS `modSystemSetting_area`, `modSystemSetting`.`editedon` AS `modSystemSetting_editedon` FROM `modx_system_settings` AS `modSystemSetting`  - 
[2017-12-18 12:06:33] (FATAL) Could not load core MODX configuration!
[2017-12-18 12:07:34] (ERROR in xPDOConnection::connect @ C:\OSPanel\domains\vesna\core\xpdo\xpdo.class.php : 3083) SQLSTATE[HY000] [1049] Unknown database 'vesna'
[2017-12-18 12:07:34] (ERROR in xPDOConnection::connect @ C:\OSPanel\domains\vesna\core\xpdo\xpdo.class.php : 3083) SQLSTATE[HY000] [1049] Unknown database 'vesna'
[2017-12-18 12:07:34] (ERROR @ C:\OSPanel\domains\vesna\core\xpdo\om\xpdoobject.class.php : 263) Error preparing statement for query: SELECT `modSystemSetting`.`key` AS `modSystemSetting_key`, `modSystemSetting`.`value` AS `modSystemSetting_value`, `modSystemSetting`.`xtype` AS `modSystemSetting_xtype`, `modSystemSetting`.`namespace` AS `modSystemSetting_namespace`, `modSystemSetting`.`area` AS `modSystemSetting_area`, `modSystemSetting`.`editedon` AS `modSystemSetting_editedon` FROM `modx_system_settings` AS `modSystemSetting`  - 
[2017-12-18 12:07:34] (ERROR in xPDOConnection::connect @ C:\OSPanel\domains\vesna\core\xpdo\xpdo.class.php : 3083) SQLSTATE[HY000] [1049] Unknown database 'vesna'
[2017-12-18 12:07:34] (ERROR in xPDOConnection::connect @ C:\OSPanel\domains\vesna\core\xpdo\xpdo.class.php : 3083) SQLSTATE[HY000] [1049] Unknown database 'vesna'
[2017-12-18 12:07:34] (ERROR @ C:\OSPanel\domains\vesna\core\xpdo\om\xpdoobject.class.php : 263) Error preparing statement for query: SELECT `modSystemSetting`.`key` AS `modSystemSetting_key`, `modSystemSetting`.`value` AS `modSystemSetting_value`, `modSystemSetting`.`xtype` AS `modSystemSetting_xtype`, `modSystemSetting`.`namespace` AS `modSystemSetting_namespace`, `modSystemSetting`.`area` AS `modSystemSetting_area`, `modSystemSetting`.`editedon` AS `modSystemSetting_editedon` FROM `modx_system_settings` AS `modSystemSetting`  - 
[2017-12-18 12:07:34] (FATAL) Could not load core MODX configuration!
[2017-12-18 12:08:18] (ERROR @ C:\OSPanel\domains\vesna\core\components\phpthumbon\model\phpthumbon\phpthumbon.class.php : 596) [phpthmbon] Could not create cache directory C:/OSPanel/domains/vesna/assets/cache_image/C:/OSPanel/domains/vesna
[2017-12-18 12:12:08] (ERROR @ C:\OSPanel\domains\vesna\core\model\phpthumb\modphpthumb.class.php : 117) phpThumb was unable to generate a thumbnail for: C:\OSPanel\domains\vesna\core\cache\phpthumb\vesna__src83ef21cff2ce3ab3354ac6193e057612_parfe75230c38c1dd77cfb659e43ae25583_dat0.jpeg
[2017-12-18 12:12:08] (ERROR @ C:\OSPanel\domains\vesna\core\model\phpthumb\modphpthumb.class.php : 117) phpThumb was unable to generate a thumbnail for: C:\OSPanel\domains\vesna\core\cache\phpthumb\vesna__src41a624aa0db7cfe4fd412d79c8653f41_parfe75230c38c1dd77cfb659e43ae25583_dat0.jpeg
[2017-12-18 12:12:08] (ERROR @ C:\OSPanel\domains\vesna\core\model\phpthumb\modphpthumb.class.php : 129) Error outputting thumbnail:
OutputThumbnail() failed because !is_resource($this->gdimg_output) in file "phpthumb.class.php" on line 572
[2017-12-18 12:12:08] (ERROR @ C:\OSPanel\domains\vesna\core\model\phpthumb\modphpthumb.class.php : 129) Error outputting thumbnail:
OutputThumbnail() failed because !is_resource($this->gdimg_output) in file "phpthumb.class.php" on line 572
[2017-12-18 12:12:08] (ERROR @ C:\OSPanel\domains\vesna\core\model\phpthumb\modphpthumb.class.php : 117) phpThumb was unable to generate a thumbnail for: C:\OSPanel\domains\vesna\core\cache\phpthumb\vesna__src61631c081c862ded7bc3e38ebc1f8f08_parfe75230c38c1dd77cfb659e43ae25583_dat0.jpeg
[2017-12-18 12:12:08] (ERROR @ C:\OSPanel\domains\vesna\core\model\phpthumb\modphpthumb.class.php : 129) Error outputting thumbnail:
OutputThumbnail() failed because !is_resource($this->gdimg_output) in file "phpthumb.class.php" on line 572
[2017-12-18 12:12:09] (ERROR @ C:\OSPanel\domains\vesna\core\model\phpthumb\modphpthumb.class.php : 117) phpThumb was unable to generate a thumbnail for: C:\OSPanel\domains\vesna\core\cache\phpthumb\vesna__src204e64a1cdfb119ce69cd4ba03fda15e_parfe75230c38c1dd77cfb659e43ae25583_dat0.jpeg
[2017-12-18 12:12:09] (ERROR @ C:\OSPanel\domains\vesna\core\model\phpthumb\modphpthumb.class.php : 129) Error outputting thumbnail:
OutputThumbnail() failed because !is_resource($this->gdimg_output) in file "phpthumb.class.php" on line 572
[2017-12-18 12:12:09] (ERROR @ C:\OSPanel\domains\vesna\core\model\phpthumb\modphpthumb.class.php : 117) phpThumb was unable to generate a thumbnail for: C:\OSPanel\domains\vesna\core\cache\phpthumb\vesna__src1dba0a549d0117b83b6443394e8b6dcd_parfe75230c38c1dd77cfb659e43ae25583_dat0.jpeg
[2017-12-18 12:12:09] (ERROR @ C:\OSPanel\domains\vesna\core\model\phpthumb\modphpthumb.class.php : 129) Error outputting thumbnail:
OutputThumbnail() failed because !is_resource($this->gdimg_output) in file "phpthumb.class.php" on line 572
[2017-12-18 12:12:09] (ERROR @ C:\OSPanel\domains\vesna\core\model\phpthumb\modphpthumb.class.php : 117) phpThumb was unable to generate a thumbnail for: C:\OSPanel\domains\vesna\core\cache\phpthumb\vesna__src0fc8bddee12438bc387a9e4d3ee06a15_parfe75230c38c1dd77cfb659e43ae25583_dat0.jpeg
[2017-12-18 12:12:09] (ERROR @ C:\OSPanel\domains\vesna\core\model\phpthumb\modphpthumb.class.php : 117) phpThumb was unable to generate a thumbnail for: C:\OSPanel\domains\vesna\core\cache\phpthumb\vesna__srcc1b453d8080bb438b7f1d5352987ef54_parfe75230c38c1dd77cfb659e43ae25583_dat0.jpeg
[2017-12-18 12:12:09] (ERROR @ C:\OSPanel\domains\vesna\core\model\phpthumb\modphpthumb.class.php : 117) phpThumb was unable to generate a thumbnail for: C:\OSPanel\domains\vesna\core\cache\phpthumb\vesna__src9c195ad27070095d3217eba499d89482_parfe75230c38c1dd77cfb659e43ae25583_dat0.jpeg
[2017-12-18 12:12:09] (ERROR @ C:\OSPanel\domains\vesna\core\model\phpthumb\modphpthumb.class.php : 129) Error outputting thumbnail:
OutputThumbnail() failed because !is_resource($this->gdimg_output) in file "phpthumb.class.php" on line 572
[2017-12-18 12:12:09] (ERROR @ C:\OSPanel\domains\vesna\core\model\phpthumb\modphpthumb.class.php : 117) phpThumb was unable to generate a thumbnail for: C:\OSPanel\domains\vesna\core\cache\phpthumb\vesna__srcca0a11ede75b2a0d28cb4ec49660b560_parfe75230c38c1dd77cfb659e43ae25583_dat0.jpeg
[2017-12-18 12:12:09] (ERROR @ C:\OSPanel\domains\vesna\core\model\phpthumb\modphpthumb.class.php : 129) Error outputting thumbnail:
OutputThumbnail() failed because !is_resource($this->gdimg_output) in file "phpthumb.class.php" on line 572
[2017-12-18 12:12:09] (ERROR @ C:\OSPanel\domains\vesna\core\model\phpthumb\modphpthumb.class.php : 117) phpThumb was unable to generate a thumbnail for: C:\OSPanel\domains\vesna\core\cache\phpthumb\vesna__src0cb649cea6f64a49b6349b7d660b193b_parfe75230c38c1dd77cfb659e43ae25583_dat0.jpeg
[2017-12-18 12:12:09] (ERROR @ C:\OSPanel\domains\vesna\core\model\phpthumb\modphpthumb.class.php : 129) Error outputting thumbnail:
OutputThumbnail() failed because !is_resource($this->gdimg_output) in file "phpthumb.class.php" on line 572
[2017-12-18 12:12:09] (ERROR @ C:\OSPanel\domains\vesna\core\model\phpthumb\modphpthumb.class.php : 117) phpThumb was unable to generate a thumbnail for: C:\OSPanel\domains\vesna\core\cache\phpthumb\vesna__srccb151876aa3d5c48633dd479742f22ef_parfe75230c38c1dd77cfb659e43ae25583_dat0.jpeg
[2017-12-18 12:12:09] (ERROR @ C:\OSPanel\domains\vesna\core\model\phpthumb\modphpthumb.class.php : 129) Error outputting thumbnail:
OutputThumbnail() failed because !is_resource($this->gdimg_output) in file "phpthumb.class.php" on line 572
[2017-12-18 12:12:09] (ERROR @ C:\OSPanel\domains\vesna\core\model\phpthumb\modphpthumb.class.php : 117) phpThumb was unable to generate a thumbnail for: C:\OSPanel\domains\vesna\core\cache\phpthumb\vesna__src14de24abd66031f59e4ecd2486986d4f_parfe75230c38c1dd77cfb659e43ae25583_dat0.jpeg
[2017-12-18 12:12:09] (ERROR @ C:\OSPanel\domains\vesna\core\model\phpthumb\modphpthumb.class.php : 129) Error outputting thumbnail:
OutputThumbnail() failed because !is_resource($this->gdimg_output) in file "phpthumb.class.php" on line 572
[2017-12-18 12:12:09] (ERROR @ C:\OSPanel\domains\vesna\core\model\phpthumb\modphpthumb.class.php : 129) Error outputting thumbnail:
OutputThumbnail() failed because !is_resource($this->gdimg_output) in file "phpthumb.class.php" on line 572
[2017-12-18 12:12:09] (ERROR @ C:\OSPanel\domains\vesna\core\model\phpthumb\modphpthumb.class.php : 129) Error outputting thumbnail:
OutputThumbnail() failed because !is_resource($this->gdimg_output) in file "phpthumb.class.php" on line 572
[2017-12-18 12:12:10] (ERROR @ C:\OSPanel\domains\vesna\core\model\phpthumb\modphpthumb.class.php : 117) phpThumb was unable to generate a thumbnail for: C:\OSPanel\domains\vesna\core\cache\phpthumb\vesna__src1dba0a549d0117b83b6443394e8b6dcd_parfe75230c38c1dd77cfb659e43ae25583_dat0.jpeg
[2017-12-18 12:12:10] (ERROR @ C:\OSPanel\domains\vesna\core\model\phpthumb\modphpthumb.class.php : 117) phpThumb was unable to generate a thumbnail for: C:\OSPanel\domains\vesna\core\cache\phpthumb\vesna__src41a624aa0db7cfe4fd412d79c8653f41_parfe75230c38c1dd77cfb659e43ae25583_dat0.jpeg
[2017-12-18 12:12:10] (ERROR @ C:\OSPanel\domains\vesna\core\model\phpthumb\modphpthumb.class.php : 117) phpThumb was unable to generate a thumbnail for: C:\OSPanel\domains\vesna\core\cache\phpthumb\vesna__src83ef21cff2ce3ab3354ac6193e057612_parfe75230c38c1dd77cfb659e43ae25583_dat0.jpeg
[2017-12-18 12:12:10] (ERROR @ C:\OSPanel\domains\vesna\core\model\phpthumb\modphpthumb.class.php : 117) phpThumb was unable to generate a thumbnail for: C:\OSPanel\domains\vesna\core\cache\phpthumb\vesna__src61631c081c862ded7bc3e38ebc1f8f08_parfe75230c38c1dd77cfb659e43ae25583_dat0.jpeg
[2017-12-18 12:12:10] (ERROR @ C:\OSPanel\domains\vesna\core\model\phpthumb\modphpthumb.class.php : 129) Error outputting thumbnail:
OutputThumbnail() failed because !is_resource($this->gdimg_output) in file "phpthumb.class.php" on line 572
[2017-12-18 12:12:10] (ERROR @ C:\OSPanel\domains\vesna\core\model\phpthumb\modphpthumb.class.php : 129) Error outputting thumbnail:
OutputThumbnail() failed because !is_resource($this->gdimg_output) in file "phpthumb.class.php" on line 572
[2017-12-18 12:12:10] (ERROR @ C:\OSPanel\domains\vesna\core\model\phpthumb\modphpthumb.class.php : 129) Error outputting thumbnail:
OutputThumbnail() failed because !is_resource($this->gdimg_output) in file "phpthumb.class.php" on line 572
[2017-12-18 12:12:10] (ERROR @ C:\OSPanel\domains\vesna\core\model\phpthumb\modphpthumb.class.php : 129) Error outputting thumbnail:
OutputThumbnail() failed because !is_resource($this->gdimg_output) in file "phpthumb.class.php" on line 572
[2017-12-18 12:12:10] (ERROR @ C:\OSPanel\domains\vesna\core\model\phpthumb\modphpthumb.class.php : 117) phpThumb was unable to generate a thumbnail for: C:\OSPanel\domains\vesna\core\cache\phpthumb\vesna__src204e64a1cdfb119ce69cd4ba03fda15e_parfe75230c38c1dd77cfb659e43ae25583_dat0.jpeg
[2017-12-18 12:12:10] (ERROR @ C:\OSPanel\domains\vesna\core\model\phpthumb\modphpthumb.class.php : 129) Error outputting thumbnail:
OutputThumbnail() failed because !is_resource($this->gdimg_output) in file "phpthumb.class.php" on line 572
[2017-12-18 12:14:44] (ERROR @ C:\OSPanel\domains\vesna\core\components\phpthumbon\model\phpthumbon\phpthumbon.class.php : 596) [phpthmbon] Could not create cache directory C:/OSPanel/domains/vesna/assets/cache_image/C:/OSPanel/domains/vesna
[2017-12-18 12:15:51] (ERROR @ C:\OSPanel\domains\vesna\core\components\phpthumbon\model\phpthumbon\phpthumbon.class.php : 596) [phpthmbon] Could not create cache directory C:/OSPanel/domains/vesna/assets/cache_image/C:/OSPanel/domains/vesna
[2017-12-18 12:17:47] (ERROR @ C:\OSPanel\domains\vesna\core\components\phpthumbon\model\phpthumbon\phpthumbon.class.php : 596) [phpthmbon] Could not create cache directory C:/OSPanel/domains/vesna/assets/cache_image/C:/OSPanel/domains/vesna
[2017-12-18 12:18:18] (ERROR @ C:\OSPanel\domains\vesna\core\components\phpthumbon\model\phpthumbon\phpthumbon.class.php : 596) [phpthmbon] Could not create cache directory C:/OSPanel/domains/vesna/assets/cache_image/C:/OSPanel/domains/vesna
[2017-12-18 12:18:36] (ERROR @ C:\OSPanel\domains\vesna\core\components\phpthumbon\model\phpthumbon\phpthumbon.class.php : 596) [phpthmbon] Could not create cache directory C:/OSPanel/domains/vesna/assets/cache_image/C:/OSPanel/domains/vesna
[2017-12-18 12:18:50] (ERROR @ C:\OSPanel\domains\vesna\core\components\phpthumbon\model\phpthumbon\phpthumbon.class.php : 596) [phpthmbon] Could not create cache directory C:/OSPanel/domains/vesna/assets/cache_image/C:/OSPanel/domains/vesna
[2017-12-18 14:16:12] (ERROR @ C:\OSPanel\domains\vesna\core\components\phpthumbon\model\phpthumbon\phpthumbon.class.php : 596) [phpthmbon] Could not create cache directory C:/OSPanel/domains/vesna/assets/cache_image/C:/OSPanel/domains/vesna
[2017-12-18 14:16:14] (ERROR @ C:\OSPanel\domains\vesna\core\components\phpthumbon\model\phpthumbon\phpthumbon.class.php : 596) [phpthmbon] Could not create cache directory C:/OSPanel/domains/vesna/assets/cache_image/C:/OSPanel/domains/vesna
[2017-12-18 14:16:14] (ERROR @ C:\OSPanel\domains\vesna\core\components\phpthumbon\model\phpthumbon\phpthumbon.class.php : 596) [phpthmbon] Could not create cache directory C:/OSPanel/domains/vesna/assets/cache_image/C:/OSPanel/domains/vesna
[2017-12-18 14:16:14] (ERROR @ C:\OSPanel\domains\vesna\core\components\phpthumbon\model\phpthumbon\phpthumbon.class.php : 596) [phpthmbon] Could not create cache directory C:/OSPanel/domains/vesna/assets/cache_image/C:/OSPanel/domains/vesna
[2017-12-18 14:16:15] (ERROR @ C:\OSPanel\domains\vesna\core\components\phpthumbon\model\phpthumbon\phpthumbon.class.php : 596) [phpthmbon] Could not create cache directory C:/OSPanel/domains/vesna/assets/cache_image/C:/OSPanel/domains/vesna
[2017-12-18 14:16:15] (ERROR @ C:\OSPanel\domains\vesna\core\components\phpthumbon\model\phpthumbon\phpthumbon.class.php : 596) [phpthmbon] Could not create cache directory C:/OSPanel/domains/vesna/assets/cache_image/C:/OSPanel/domains/vesna
[2017-12-18 14:16:15] (ERROR @ C:\OSPanel\domains\vesna\core\components\phpthumbon\model\phpthumbon\phpthumbon.class.php : 596) [phpthmbon] Could not create cache directory C:/OSPanel/domains/vesna/assets/cache_image/C:/OSPanel/domains/vesna
[2017-12-18 14:16:15] (ERROR @ C:\OSPanel\domains\vesna\core\model\modx\modcachemanager.class.php : 323) Could not cache resource 5
[2017-12-18 14:16:22] (ERROR @ C:\OSPanel\domains\vesna\core\components\phpthumbon\model\phpthumbon\phpthumbon.class.php : 596) [phpthmbon] Could not create cache directory C:/OSPanel/domains/vesna/assets/cache_image/C:/OSPanel/domains/vesna
[2017-12-18 14:16:34] (ERROR @ C:\OSPanel\domains\vesna\core\components\phpthumbon\model\phpthumbon\phpthumbon.class.php : 596) [phpthmbon] Could not create cache directory C:/OSPanel/domains/vesna/assets/cache_image/C:/OSPanel/domains/vesna
[2017-12-18 14:22:33] (ERROR @ C:\OSPanel\domains\vesna\core\components\phpthumbon\model\phpthumbon\phpthumbon.class.php : 596) [phpthmbon] Could not create cache directory C:/OSPanel/domains/vesna/assets/cache_image/C:/OSPanel/domains/vesna
[2017-12-18 14:22:34] (ERROR @ C:\OSPanel\domains\vesna\core\components\phpthumbon\model\phpthumbon\phpthumbon.class.php : 596) [phpthmbon] Could not create cache directory C:/OSPanel/domains/vesna/assets/cache_image/C:/OSPanel/domains/vesna
[2017-12-18 14:22:34] (ERROR @ C:\OSPanel\domains\vesna\core\components\phpthumbon\model\phpthumbon\phpthumbon.class.php : 596) [phpthmbon] Could not create cache directory C:/OSPanel/domains/vesna/assets/cache_image/C:/OSPanel/domains/vesna
[2017-12-18 14:23:21] (ERROR @ C:\OSPanel\domains\vesna\core\components\phpthumbon\model\phpthumbon\phpthumbon.class.php : 596) [phpthmbon] Could not create cache directory C:/OSPanel/domains/vesna/assets/cache_image/C:/OSPanel/domains/vesna
[2017-12-18 14:23:21] (ERROR @ C:\OSPanel\domains\vesna\core\components\phpthumbon\model\phpthumbon\phpthumbon.class.php : 596) [phpthmbon] Could not create cache directory C:/OSPanel/domains/vesna/assets/cache_image/C:/OSPanel/domains/vesna
[2017-12-18 14:23:21] (ERROR @ C:\OSPanel\domains\vesna\core\components\phpthumbon\model\phpthumbon\phpthumbon.class.php : 596) [phpthmbon] Could not create cache directory C:/OSPanel/domains/vesna/assets/cache_image/C:/OSPanel/domains/vesna
[2017-12-18 14:24:42] (ERROR @ C:\OSPanel\domains\vesna\core\components\phpthumbon\model\phpthumbon\phpthumbon.class.php : 596) [phpthmbon] Could not create cache directory C:/OSPanel/domains/vesna/assets/cache_image/C:/OSPanel/domains/vesna
[2017-12-18 14:24:43] (ERROR @ C:\OSPanel\domains\vesna\core\components\phpthumbon\model\phpthumbon\phpthumbon.class.php : 596) [phpthmbon] Could not create cache directory C:/OSPanel/domains/vesna/assets/cache_image/C:/OSPanel/domains/vesna
[2017-12-18 14:24:43] (ERROR @ C:\OSPanel\domains\vesna\core\components\phpthumbon\model\phpthumbon\phpthumbon.class.php : 596) [phpthmbon] Could not create cache directory C:/OSPanel/domains/vesna/assets/cache_image/C:/OSPanel/domains/vesna
[2017-12-18 14:25:16] (ERROR @ C:\OSPanel\domains\vesna\core\components\phpthumbon\model\phpthumbon\phpthumbon.class.php : 596) [phpthmbon] Could not create cache directory C:/OSPanel/domains/vesna/assets/cache_image/C:/OSPanel/domains/vesna
[2017-12-18 14:25:17] (ERROR @ C:\OSPanel\domains\vesna\core\components\phpthumbon\model\phpthumbon\phpthumbon.class.php : 596) [phpthmbon] Could not create cache directory C:/OSPanel/domains/vesna/assets/cache_image/C:/OSPanel/domains/vesna
[2017-12-18 14:25:17] (ERROR @ C:\OSPanel\domains\vesna\core\components\phpthumbon\model\phpthumbon\phpthumbon.class.php : 596) [phpthmbon] Could not create cache directory C:/OSPanel/domains/vesna/assets/cache_image/C:/OSPanel/domains/vesna
[2017-12-18 14:25:43] (ERROR @ C:\OSPanel\domains\vesna\core\components\phpthumbon\model\phpthumbon\phpthumbon.class.php : 596) [phpthmbon] Could not create cache directory C:/OSPanel/domains/vesna/assets/cache_image/C:/OSPanel/domains/vesna
[2017-12-18 14:25:44] (ERROR @ C:\OSPanel\domains\vesna\core\components\phpthumbon\model\phpthumbon\phpthumbon.class.php : 596) [phpthmbon] Could not create cache directory C:/OSPanel/domains/vesna/assets/cache_image/C:/OSPanel/domains/vesna
[2017-12-18 14:25:44] (ERROR @ C:\OSPanel\domains\vesna\core\components\phpthumbon\model\phpthumbon\phpthumbon.class.php : 596) [phpthmbon] Could not create cache directory C:/OSPanel/domains/vesna/assets/cache_image/C:/OSPanel/domains/vesna
